[
    {
      "Plan": {
        "Node Type": "Limit",
        "Parallel Aware": false,
        "Startup Cost": 335705.50,
        "Total Cost": 335705.51,
        "Plan Rows": 1,
        "Plan Width": 51,
        "Plans": [
          {
            "Node Type": "Sort",
            "Parent Relationship": "Outer",
            "Parallel Aware": false,
            "Startup Cost": 335705.50,
            "Total Cost": 335705.51,
            "Plan Rows": 1,
            "Plan Width": 51,
            "Sort Key": ["supplier.s_name"],
            "Plans": [
              {
                "Node Type": "Nested Loop",
                "Parent Relationship": "Outer",
                "Parallel Aware": false,
                "Join Type": "Semi",
                "Startup Cost": 204715.29,
                "Total Cost": 335705.49,
                "Plan Rows": 1,
                "Plan Width": 51,
                "Inner Unique": false,
                "Join Filter": "(supplier.s_suppkey = lineitem.l_suppkey)",
                "Plans": [
                  {
                    "Node Type": "Nested Loop",
                    "Parent Relationship": "Outer",
                    "Parallel Aware": false,
                    "Join Type": "Inner",
                    "Startup Cost": 0.00,
                    "Total Cost": 467.12,
                    "Plan Rows": 59,
                    "Plan Width": 55,
                    "Inner Unique": false,
                    "Join Filter": "(supplier.s_nationkey = nation.n_nationkey)",
                    "Plans": [
                      {
                        "Node Type": "Seq Scan",
                        "Parent Relationship": "Outer",
                        "Parallel Aware": false,
                        "Relation Name": "nation",
                        "Alias": "nation",
                        "Startup Cost": 0.00,
                        "Total Cost": 12.12,
                        "Plan Rows": 1,
                        "Plan Width": 4,
                        "Filter": "(n_name = 'ARGENTINA'::bpchar)"
                      },
                      {
                        "Node Type": "Seq Scan",
                        "Parent Relationship": "Inner",
                        "Parallel Aware": false,
                        "Relation Name": "supplier",
                        "Alias": "supplier",
                        "Startup Cost": 0.00,
                        "Total Cost": 330.00,
                        "Plan Rows": 10000,
                        "Plan Width": 63
                      }
                    ]
                  },
                  {
                    "Node Type": "Materialize",
                    "Parent Relationship": "Inner",
                    "Parallel Aware": false,
                    "Startup Cost": 204715.29,
                    "Total Cost": 335237.49,
                    "Plan Rows": 1,
                    "Plan Width": 16,
                    "Plans": [
                      {
                        "Node Type": "Nested Loop",
                        "Parent Relationship": "Outer",
                        "Parallel Aware": false,
                        "Join Type": "Inner",
                        "Startup Cost": 204715.29,
                        "Total Cost": 335237.48,
                        "Plan Rows": 1,
                        "Plan Width": 16,
                        "Inner Unique": true,
                        "Plans": [
                          {
                            "Node Type": "Merge Join",
                            "Parent Relationship": "Outer",
                            "Parallel Aware": false,
                            "Join Type": "Inner",
                            "Startup Cost": 204714.87,
                            "Total Cost": 332107.16,
                            "Plan Rows": 4924,
                            "Plan Width": 52,
                            "Inner Unique": true,
                            "Merge Cond": "(lineitem.l_partkey = part.p_partkey)",
                            "Plans": [
                              {
                                "Node Type": "Aggregate",
                                "Strategy": "Sorted",
                                "Partial Mode": "Finalize",
                                "Parent Relationship": "Outer",
                                "Parallel Aware": false,
                                "Startup Cost": 203714.42,
                                "Total Cost": 316376.95,
                                "Plan Rows": 487572,
                                "Plan Width": 48,
                                "Group Key": ["lineitem.l_partkey", "lineitem.l_suppkey"],
                                "Plans": [
                                  {
                                    "Node Type": "Gather Merge",
                                    "Parent Relationship": "Outer",
                                    "Parallel Aware": false,
                                    "Startup Cost": 203714.42,
                                    "Total Cost": 301355.37,
                                    "Plan Rows": 770800,
                                    "Plan Width": 48,
                                    "Workers Planned": 2,
                                    "Plans": [
                                      {
                                        "Node Type": "Aggregate",
                                        "Strategy": "Sorted",
                                        "Partial Mode": "Partial",
                                        "Parent Relationship": "Outer",
                                        "Parallel Aware": false,
                                        "Startup Cost": 202714.40,
                                        "Total Cost": 211385.90,
                                        "Plan Rows": 385400,
                                        "Plan Width": 48,
                                        "Group Key": ["lineitem.l_partkey", "lineitem.l_suppkey"],
                                        "Plans": [
                                          {
                                            "Node Type": "Sort",
                                            "Parent Relationship": "Outer",
                                            "Parallel Aware": false,
                                            "Startup Cost": 202714.40,
                                            "Total Cost": 203677.90,
                                            "Plan Rows": 385400,
                                            "Plan Width": 21,
                                            "Sort Key": ["lineitem.l_partkey", "lineitem.l_suppkey"],
                                            "Plans": [
                                              {
                                                "Node Type": "Seq Scan",
                                                "Parent Relationship": "Outer",
                                                "Parallel Aware": true,
                                                "Relation Name": "lineitem",
                                                "Alias": "lineitem",
                                                "Startup Cost": 0.00,
                                                "Total Cost": 159050.49,
                                                "Plan Rows": 385400,
                                                "Plan Width": 21,
                                                "Filter": "((l_shipdate >= '1997-01-01'::date) AND (l_shipdate < '1998-01-01 00:00:00'::timestamp without time zone))"
                                              }
                                            ]
                                          }
                                        ]
                                      }
                                    ]
                                  }
                                ]
                              },
                              {
                                "Node Type": "Gather Merge",
                                "Parent Relationship": "Inner",
                                "Parallel Aware": false,
                                "Startup Cost": 1000.44,
                                "Total Cost": 9581.27,
                                "Plan Rows": 2020,
                                "Plan Width": 4,
                                "Workers Planned": 2,
                                "Plans": [
                                  {
                                    "Node Type": "Index Scan",
                                    "Parent Relationship": "Outer",
                                    "Parallel Aware": true,
                                    "Scan Direction": "Forward",
                                    "Index Name": "part_pkey",
                                    "Relation Name": "part",
                                    "Alias": "part",
                                    "Startup Cost": 0.42,
                                    "Total Cost": 8348.09,
                                    "Plan Rows": 842,
                                    "Plan Width": 4,
                                    "Filter": "((p_name)::text ~~ 'powder%'::text)"
                                  }
                                ]
                              }
                            ]
                          },
                          {
                            "Node Type": "Index Scan",
                            "Parent Relationship": "Inner",
                            "Parallel Aware": false,
                            "Scan Direction": "Forward",
                            "Index Name": "partsupp_pkey",
                            "Relation Name": "partsupp",
                            "Alias": "partsupp",
                            "Startup Cost": 0.42,
                            "Total Cost": 0.63,
                            "Plan Rows": 1,
                            "Plan Width": 20,
                            "Index Cond": "((ps_partkey = lineitem.l_partkey) AND (ps_suppkey = lineitem.l_suppkey))",
                            "Filter": "((ps_availqty)::numeric > ((0.5 * sum(lineitem.l_quantity))))"
                          }
                        ]
                      }
                    ]
                  }
                ]
              }
            ]
          }
        ]
      }
    }
  ]