[
  {
    "Plan": {
      "Node Type": "Limit",
      "Parallel Aware": false,
      "Startup Cost": 165332.14,
      "Total Cost": 165342.71,
      "Plan Rows": 1,
      "Plan Width": 103,
      "Actual Startup Time": 388.292,
      "Actual Total Time": 388.294,
      "Actual Rows": 1,
      "Actual Loops": 1,
      "Plans": [
        {
          "Node Type": "Aggregate",
          "Strategy": "Sorted",
          "Partial Mode": "Finalize",
          "Parent Relationship": "InitPlan",
          "Subplan Name": "CTE revenue0",
          "Parallel Aware": false,
          "Startup Cost": 164555.35,
          "Total Cost": 164880.39,
          "Plan Rows": 10001,
          "Plan Width": 40,
          "Actual Startup Time": 366.110,
          "Actual Total Time": 382.520,
          "Actual Rows": 10000,
          "Actual Loops": 1,
          "Group Key": ["lineitem.l_suppkey"],
          "Plans": [
            {
              "Node Type": "Sort",
              "Parent Relationship": "Outer",
              "Parallel Aware": false,
              "Startup Cost": 164555.35,
              "Total Cost": 164605.36,
              "Plan Rows": 20002,
              "Plan Width": 40,
              "Actual Startup Time": 366.098,
              "Actual Total Time": 368.175,
              "Actual Rows": 29985,
              "Actual Loops": 1,
              "Sort Key": ["lineitem.l_suppkey"],
              "Sort Method": "external merge",
              "Sort Space Used": 1800,
              "Sort Space Type": "Disk",
              "Plans": [
                {
                  "Node Type": "Gather",
                  "Parent Relationship": "Outer",
                  "Parallel Aware": false,
                  "Startup Cost": 161001.21,
                  "Total Cost": 163126.43,
                  "Plan Rows": 20002,
                  "Plan Width": 40,
                  "Actual Startup Time": 339.375,
                  "Actual Total Time": 349.435,
                  "Actual Rows": 29985,
                  "Actual Loops": 1,
                  "Workers Planned": 2,
                  "Workers Launched": 2,
                  "Single Copy": false,
                  "Plans": [
                    {
                      "Node Type": "Aggregate",
                      "Strategy": "Hashed",
                      "Partial Mode": "Partial",
                      "Parent Relationship": "Outer",
                      "Parallel Aware": false,
                      "Startup Cost": 160001.21,
                      "Total Cost": 160126.23,
                      "Plan Rows": 10001,
                      "Plan Width": 40,
                      "Actual Startup Time": 334.364,
                      "Actual Total Time": 339.291,
                      "Actual Rows": 9995,
                      "Actual Loops": 3,
                      "Group Key": ["lineitem.l_suppkey"],
                      "Plans": [
                        {
                          "Node Type": "Seq Scan",
                          "Parent Relationship": "Outer",
                          "Parallel Aware": true,
                          "Relation Name": "lineitem",
                          "Alias": "lineitem",
                          "Startup Cost": 0.00,
                          "Total Cost": 159050.49,
                          "Plan Rows": 95072,
                          "Plan Width": 20,
                          "Actual Startup Time": 0.040,
                          "Actual Total Time": 287.967,
                          "Actual Rows": 76657,
                          "Actual Loops": 3,
                          "Filter": "((l_shipdate >= '1997-05-01'::date) AND (l_shipdate < '1997-08-01 00:00:00'::timestamp without time zone))",
                          "Rows Removed by Filter": 1923748
                        }
                      ]
                    }
                  ]
                }
              ]
            }
          ]
        },
        {
          "Node Type": "Aggregate",
          "Strategy": "Plain",
          "Partial Mode": "Simple",
          "Parent Relationship": "InitPlan",
          "Subplan Name": "InitPlan 2 (returns $2)",
          "Parallel Aware": false,
          "Startup Cost": 225.02,
          "Total Cost": 225.03,
          "Plan Rows": 1,
          "Plan Width": 32,
          "Actual Startup Time": 19.864,
          "Actual Total Time": 19.864,
          "Actual Rows": 1,
          "Actual Loops": 1,
          "Plans": [
            {
              "Node Type": "CTE Scan",
              "Parent Relationship": "Outer",
              "Parallel Aware": false,
              "CTE Name": "revenue0",
              "Alias": "revenue0_1",
              "Startup Cost": 0.00,
              "Total Cost": 200.02,
              "Plan Rows": 10001,
              "Plan Width": 32,
              "Actual Startup Time": 0.001,
              "Actual Total Time": 18.583,
              "Actual Rows": 10000,
              "Actual Loops": 1
            }
          ]
        },
        {
          "Node Type": "Merge Join",
          "Parent Relationship": "Outer",
          "Parallel Aware": false,
          "Join Type": "Inner",
          "Startup Cost": 226.72,
          "Total Cost": 755.47,
          "Plan Rows": 50,
          "Plan Width": 103,
          "Actual Startup Time": 388.291,
          "Actual Total Time": 388.291,
          "Actual Rows": 1,
          "Actual Loops": 1,
          "Inner Unique": false,
          "Merge Cond": "(supplier.s_suppkey = revenue0.supplier_no)",
          "Plans": [
            {
              "Node Type": "Index Scan",
              "Parent Relationship": "Outer",
              "Parallel Aware": false,
              "Scan Direction": "Forward",
              "Index Name": "supplier_pkey",
              "Relation Name": "supplier",
              "Alias": "supplier",
              "Startup Cost": 0.29,
              "Total Cost": 503.29,
              "Plan Rows": 10000,
              "Plan Width": 71,
              "Actual Startup Time": 0.630,
              "Actual Total Time": 0.820,
              "Actual Rows": 976,
              "Actual Loops": 1
            },
            {
              "Node Type": "Sort",
              "Parent Relationship": "Inner",
              "Parallel Aware": false,
              "Startup Cost": 226.43,
              "Total Cost": 226.56,
              "Plan Rows": 50,
              "Plan Width": 40,
              "Actual Startup Time": 387.416,
              "Actual Total Time": 387.416,
              "Actual Rows": 1,
              "Actual Loops": 1,
              "Sort Key": ["revenue0.supplier_no"],
              "Sort Method": "quicksort",
              "Sort Space Used": 25,
              "Sort Space Type": "Memory",
              "Plans": [
                {
                  "Node Type": "CTE Scan",
                  "Parent Relationship": "Outer",
                  "Parallel Aware": false,
                  "CTE Name": "revenue0",
                  "Alias": "revenue0",
                  "Startup Cost": 0.00,
                  "Total Cost": 225.02,
                  "Plan Rows": 50,
                  "Plan Width": 40,
                  "Actual Startup Time": 386.120,
                  "Actual Total Time": 387.401,
                  "Actual Rows": 1,
                  "Actual Loops": 1,
                  "Filter": "(total_revenue = $2)",
                  "Rows Removed by Filter": 9999
                }
              ]
            }
          ]
        }
      ]
    },
    "Planning Time": 0.672,
    "Triggers": [
    ],
    "Execution Time": 389.750
  }
]
